<?xml version="1.0" encoding="UTF-8"?>
<testsuite xmlns:xsi="http://www.w3.org/2001/XMLSchema-instance" xsi:noNamespaceSchemaLocation="https://maven.apache.org/surefire/maven-surefire-plugin/xsd/surefire-test-report-3.0.xsd" version="3.0" name="runner.TestRunner" time="25" tests="5" errors="0" skipped="0" failures="0">
  <properties>
[...]
</properties>
  <testcase name="Verify Search Camera" classname="Verify Search Camera in Craigslist" time="11.024">
    <system-out><![CDATA[
Scenario: Verify Search Camera                        # src/test/resources/Features/Camera.feature:4
Cucumber Before
I am in Craigslist Page
  Given I am in the Craigslist login Page1            # stefDef.Verify_Search_Camera.i_am_in_the_Craigslist_login_Page1()
You are in Camera page
  When I am in the Craigslist Page1 then click Camera # stefDef.Verify_Search_Camera.i_am_in_the_Craigslist_Page1_then_click_Camera()
  Then I will write Nikon Camera in search box        # stefDef.Verify_Search_Camera.i_will_write_Nikon_Camera_in_search_box()
  Then I can check Nikon Camera Price                 # stefDef.Verify_Search_Camera.i_can_check_Nikon_Camera_Price()
Cucumber After
]]></system-out>
    <system-err><![CDATA[May 04, 2021 8:18:19 PM io.cucumber.junit.Cucumber <init>
WARNING: By default Cucumber is running in --non-strict mode.
This default will change to --strict and --non-strict will be removed.
You can use --strict or @CucumberOptions(strict = true) to suppress this warning
May 04, 2021 8:18:20 PM io.cucumber.junit.Cucumber <init>
WARNING: By default Cucumber is running in --non-strict mode.
This default will change to --strict and --non-strict will be removed.
You can use --strict or @CucumberOptions(strict = true) to suppress this warning
Starting ChromeDriver 90.0.4430.24 (4c6d850f087da467d926e8eddb76550aed655991-refs/branch-heads/4430@{#429}) on port 15611
Only local connections are allowed.
Please see https://chromedriver.chromium.org/security-considerations for suggestions on keeping ChromeDriver safe.
ChromeDriver was started successfully.
May 04, 2021 8:18:25 PM org.openqa.selenium.remote.ProtocolHandshake createSession
INFO: Detected dialect: W3C
]]></system-err>
  </testcase>
  <testcase name="Search Car" classname="Verify Search Car in Craigslist" time="3.408">
    <system-out><![CDATA[
Scenario: Search Car                           # src/test/resources/Features/Car.feature:4
Cucumber Before
  Given I am in the Craigslist login Page      # stefDef.Verify_Search_Car.i_am_in_the_Craigslist_login_Page()
Car Box
  When I Write Car in Search Box and hit Enter # stefDef.Verify_Search_Car.i_Write_Car_in_Search_Box_and_hit_Enter()
  Then I can see Car list                      # stefDef.Verify_Search_Car.i_can_see_Car_list()
  And I can check Camry Price                  # stefDef.Verify_Search_Car.i_can_check_Camry_Price()
Cucumber After
]]></system-out>
    <system-err><![CDATA[Starting ChromeDriver 90.0.4430.24 (4c6d850f087da467d926e8eddb76550aed655991-refs/branch-heads/4430@{#429}) on port 35060
Only local connections are allowed.
Please see https://chromedriver.chromium.org/security-considerations for suggestions on keeping ChromeDriver safe.
ChromeDriver was started successfully.
May 04, 2021 8:18:34 PM org.openqa.selenium.remote.ProtocolHandshake createSession
INFO: Detected dialect: W3C
]]></system-err>
  </testcase>
  <testcase name="Search Chicken" classname="Verify Search Chicken in Craigslist" time="3.437">
    <system-out><![CDATA[
Scenario: Search Chicken                                  # src/test/resources/Features/Chicken.feature:4
Cucumber Before
Garden Page
  Given I am in the Craigslist Page                       # stefDef.Verify_Search_Chicken.i_am_in_the_Craigslist_Page()
  When I am in the Craigslist Page then click farm+garden # stefDef.Verify_Search_Chicken.i_am_in_the_Craigslist_Page_then_click_farm_garden()
  Then I will write Chicken in search box                 # stefDef.Verify_Search_Chicken.i_will_write_Chicken_in_search_box()
  Then I can check Chicken Price                          # stefDef.Verify_Search_Chicken.i_can_check_Chicken_Price()
Cucumber After
]]></system-out>
    <system-err><![CDATA[Starting ChromeDriver 90.0.4430.24 (4c6d850f087da467d926e8eddb76550aed655991-refs/branch-heads/4430@{#429}) on port 35836
Only local connections are allowed.
Please see https://chromedriver.chromium.org/security-considerations for suggestions on keeping ChromeDriver safe.
ChromeDriver was started successfully.
May 04, 2021 8:18:37 PM org.openqa.selenium.remote.ProtocolHandshake createSession
INFO: Detected dialect: W3C
]]></system-err>
  </testcase>
  <testcase name="Search Furniture" classname="Verify Search Furniture in Craigslist" time="3.401">
    <system-out><![CDATA[
Scenario: Search Furniture                             # src/test/resources/Features/Furniture.feature:4
Cucumber Before
Garden Page
  Given I am in the Craigslist Page                    # stefDef.Verify_Search_Chicken.i_am_in_the_Craigslist_Page()
Furniture Page
  When I am in the Craigslist Page then click Furnitue # stefDef.Verify_Search_Furniture.i_am_in_the_Craigslist_Page_then_click_Furnitue()
  Then I will write Chair in search box                # stefDef.Verify_Search_Furniture.i_will_write_Chair_in_search_box()
  Then I can check Chair Price                         # stefDef.Verify_Search_Furniture.i_can_check_Chair_Price()
Cucumber After
]]></system-out>
    <system-err><![CDATA[Starting ChromeDriver 90.0.4430.24 (4c6d850f087da467d926e8eddb76550aed655991-refs/branch-heads/4430@{#429}) on port 42050
Only local connections are allowed.
Please see https://chromedriver.chromium.org/security-considerations for suggestions on keeping ChromeDriver safe.
ChromeDriver was started successfully.
May 04, 2021 8:18:40 PM org.openqa.selenium.remote.ProtocolHandshake createSession
INFO: Detected dialect: W3C
]]></system-err>
  </testcase>
  <testcase name="Search Mobile" classname="Verify Search Mobile in Craigslist" time="3.455">
    <system-out><![CDATA[
Scenario: Search Mobile                                   # src/test/resources/Features/Mobile.feature:4
Cucumber Before
Garden Page
  Given I am in the Craigslist Page                       # stefDef.Verify_Search_Chicken.i_am_in_the_Craigslist_Page()
Mobile page
  When I am in the Craigslist Page then click Electronics # stefDef.Verify_Search_Mobile.i_am_in_the_Craigslist_Page_then_click_Electronics()
  Then I will write Mobile in search box                  # stefDef.Verify_Search_Mobile.i_will_write_Mobile_in_search_box()
  Then I can check Iphone Price                           # stefDef.Verify_Search_Mobile.i_can_check_Iphone_Price()
Cucumber After
]]></system-out>
    <system-err><![CDATA[Starting ChromeDriver 90.0.4430.24 (4c6d850f087da467d926e8eddb76550aed655991-refs/branch-heads/4430@{#429}) on port 43293
Only local connections are allowed.
Please see https://chromedriver.chromium.org/security-considerations for suggestions on keeping ChromeDriver safe.
ChromeDriver was started successfully.
May 04, 2021 8:18:44 PM org.openqa.selenium.remote.ProtocolHandshake createSession
INFO: Detected dialect: W3C
]]></system-err>
  </testcase>
</testsuite>